<?xml version="1.0" encoding="utf-8"?><testsuites name="pytest tests"><testsuite name="pytest" errors="0" failures="0" skipped="0" tests="10" time="1.085" timestamp="2026-03-06T08:50:44.224910+00:00" hostname="agent-env-851d9ada-2268-4807-896f-ad8d402f7265"><testcase classname="tests.test_new_features.TestAlerts" name="test_get_alerts_returns_list" time="0.318" /><testcase classname="tests.test_new_features.TestAlerts" name="test_alerts_rule_based_logic" time="0.060" /><testcase classname="tests.test_new_features.TestNDVI" name="test_get_ndvi_data" time="0.057" /><testcase classname="tests.test_new_features.TestNDVI" name="test_ndvi_data_structure" time="0.056" /><testcase classname="tests.test_new_features.TestOfflineSync" name="test_sync_empty_operations" time="0.053" /><testcase classname="tests.test_new_features.TestOfflineSync" name="test_sync_create_animal_operation" time="0.113" /><testcase classname="tests.test_new_features.TestOfflineSync" name="test_sync_multiple_operations" time="0.056" /><testcase classname="tests.test_new_features.TestAIEndpointRemoval" name="test_ai_predict_endpoint_removed" time="0.058" /><testcase classname="tests.test_new_features.TestAIEndpointRemoval" name="test_no_ai_endpoints_exist" time="0.202" /><testcase classname="tests.test_new_features.TestDashboardNoAI" name="test_dashboard_no_ai_fields" time="0.095" /></testsuite></testsuites>