<?xml version="1.0" encoding="utf-8"?><testsuites name="pytest tests"><testsuite name="pytest" errors="0" failures="0" skipped="0" tests="19" time="2.400" timestamp="2026-03-06T08:33:00.106751+00:00" hostname="agent-env-851d9ada-2268-4807-896f-ad8d402f7265"><testcase classname="tests.test_backend_api.TestAuth" name="test_auth_me_success" time="0.262" /><testcase classname="tests.test_backend_api.TestAuth" name="test_auth_me_no_token" time="0.134" /><testcase classname="tests.test_backend_api.TestAnimals" name="test_get_animals_empty_or_list" time="0.059" /><testcase classname="tests.test_backend_api.TestAnimals" name="test_create_animal_and_verify" time="0.130" /><testcase classname="tests.test_backend_api.TestAnimals" name="test_update_animal_and_verify" time="0.167" /><testcase classname="tests.test_backend_api.TestAnimals" name="test_delete_animal_and_verify" time="0.158" /><testcase classname="tests.test_backend_api.TestAnimals" name="test_get_animal_not_found" time="0.054" /><testcase classname="tests.test_backend_api.TestHealthRecords" name="test_add_health_record_and_list" time="0.189" /><testcase classname="tests.test_backend_api.TestWeightRecords" name="test_add_weight_record_and_list" time="0.299" /><testcase classname="tests.test_backend_api.TestPaddocks" name="test_get_paddocks_list" time="0.063" /><testcase classname="tests.test_backend_api.TestPaddocks" name="test_create_paddock_and_verify" time="0.130" /><testcase classname="tests.test_backend_api.TestPaddocks" name="test_update_paddock_and_verify" time="0.163" /><testcase classname="tests.test_backend_api.TestPaddocks" name="test_delete_paddock_and_verify" time="0.144" /><testcase classname="tests.test_backend_api.TestFinance" name="test_get_finances_list" time="0.053" /><testcase classname="tests.test_backend_api.TestFinance" name="test_create_finance_and_verify" time="0.074" /><testcase classname="tests.test_backend_api.TestFinance" name="test_delete_finance_and_verify" time="0.111" /><testcase classname="tests.test_backend_api.TestFinance" name="test_finance_summary" time="0.051" /><testcase classname="tests.test_backend_api.TestDashboard" name="test_dashboard_kpis" time="0.064" /><testcase classname="tests.test_backend_api.TestSeedData" name="test_seed_creates_sample_data" time="0.051" /></testsuite></testsuites>