<?xml version="1.0" encoding="utf-8"?><testsuites name="pytest tests"><testsuite name="pytest" errors="0" failures="1" skipped="0" tests="12" time="8.000" timestamp="2026-03-06T09:14:14.530779+00:00" hostname="agent-env-851d9ada-2268-4807-896f-ad8d402f7265"><testcase classname="tests.test_phase1_rebrand.TestRateLimiting" name="test_rate_limit_auth_session" time="5.104"><failure message="AssertionError: Expected rate limiting after 10 requests, got 0 429 responses&#10;assert 0 &gt;= 2">tests/test_phase1_rebrand.py:42: in test_rate_limit_auth_session
    assert rate_limited_count &gt;= 2, f"Expected rate limiting after 10 requests, got {rate_limited_count} 429 responses"
E   AssertionError: Expected rate limiting after 10 requests, got 0 429 responses
E   assert 0 &gt;= 2</failure></testcase><testcase classname="tests.test_phase1_rebrand.TestPhotoUpload" name="test_get_valid_animal_id" time="0.268" /><testcase classname="tests.test_phase1_rebrand.TestPhotoUpload" name="test_upload_animal_photo" time="0.235" /><testcase classname="tests.test_phase1_rebrand.TestPhotoUpload" name="test_list_animal_photos" time="0.235" /><testcase classname="tests.test_phase1_rebrand.TestCSVExport" name="test_export_animals_csv" time="0.136" /><testcase classname="tests.test_phase1_rebrand.TestCSVExport" name="test_export_finances_csv" time="0.100" /><testcase classname="tests.test_phase1_rebrand.TestAuditLogs" name="test_get_audit_logs_as_owner" time="0.110" /><testcase classname="tests.test_phase1_rebrand.TestBrandingAPI" name="test_api_title_version" time="1.246" /><testcase classname="tests.test_phase1_rebrand.TestPreviousFeatures" name="test_dashboard_still_works" time="0.141" /><testcase classname="tests.test_phase1_rebrand.TestPreviousFeatures" name="test_alerts_still_work" time="0.144" /><testcase classname="tests.test_phase1_rebrand.TestPreviousFeatures" name="test_ndvi_still_works" time="0.119" /><testcase classname="tests.test_phase1_rebrand.TestPreviousFeatures" name="test_animals_crud_still_works" time="0.122" /></testsuite></testsuites>